<?xml version="1.0" encoding="UTF-8"?>
<testng-results ignored="1" total="2" passed="1" failed="0" skipped="0">
  <reporter-output>
  </reporter-output>
  <suite started-at="2026-07-04T07:46:59 IST" name="Default suite" finished-at="2026-07-04T07:47:10 IST" duration-ms="10656">
    <groups>
    </groups>
    <test started-at="2026-07-04T07:46:59 IST" name="Default test" finished-at="2026-07-04T07:47:10 IST" duration-ms="10656">
      <class name="loops.NewTest">
        <test-method is-config="true" signature="beforeTest()[pri:0, instance:loops.NewTest@3c9754d8]" started-at="2026-07-04T07:46:59 IST" name="beforeTest" finished-at="2026-07-04T07:47:01 IST" duration-ms="1816" status="PASS">
          <reporter-output>
          </reporter-output>
        </test-method> <!-- beforeTest -->
        <test-method signature="forloop()[pri:0, instance:loops.NewTest@3c9754d8]" started-at="2026-07-04T07:47:01 IST" name="forloop" finished-at="2026-07-04T07:47:10 IST" duration-ms="8766" status="PASS">
          <reporter-output>
          </reporter-output>
        </test-method> <!-- forloop -->
      </class> <!-- loops.NewTest -->
    </test> <!-- Default test -->
  </suite> <!-- Default suite -->
</testng-results>
